*** Using Compiler 'V5.06 update 6 (build 750)', folder: 'D:\Keil_v5\ARM\ARMCC\Bin'
Rebuild target 'my_project'
assembling startup_msp432p401r_uvision.s...
compiling PID.c...
compiling system_msp432p401r.c...
compiling driver_mpu6050.c...
compiling adc.c...
compiling tim32.c...
compiling servo.c...
compiling timA.c...
compiling oled.c...
compiling HAL_I2C.c...
compiling key.c...
compiling key4x4.c...
compiling led.c...
compiling driver_mpu6050_basic.c...
compiling main.c...
compiling dma.c...
compiling ArrUtils.c...
compiling driver_mpu6050_dmp.c...
compiling driver_mpu6050_fifo.c...
compiling driver_mpu6050_interface.c...
compiling UART_Screen.c...
..\..\hardware\inc\UART_Screen.h(22): warning:  #1-D: last line of file ends without a newline
  #endif
..\..\hardware\UART_Screen.c: 1 warning, 0 errors
compiling cmd.c...
compiling sysinit.c...
compiling delay.c...
compiling usart.c...
..\..\sys\usart.c(345): warning:  #167-D: argument of type "uint8_t *" is incompatible with parameter of type "char *"
      rc->rxCallback(rc->rxBuf, --(rc->rxCnt));
..\..\sys\usart.c: 1 warning, 0 errors
compiling baudrate_calculate.c...
linking...
Program Size: Code=13636 RO-data=1104 RW-data=64 ZI-data=2656  
After Build - User command #1: fromelf --bin --output .\Build\my_project_ROM.bin .\Build\my_project_ROM.axf
".\Build\my_project_rom.axf" - 0 Error(s), 2 Warning(s).
Build Time Elapsed:  00:00:03
